c:\users\user\source\repos\antplatformer\antplatforme\antplatformer\x64\debug\vc141.pdb
c:\users\user\source\repos\antplatformer\antplatforme\antplatformer\x64\debug\vc141.idb
c:\users\user\source\repos\antplatformer\antplatforme\antplatformer\x64\debug\ability.obj
c:\users\user\source\repos\antplatformer\antplatforme\antplatformer\x64\debug\enemy.obj
c:\users\user\source\repos\antplatformer\antplatforme\antplatformer\x64\debug\level.obj
c:\users\user\source\repos\antplatformer\antplatforme\antplatformer\x64\debug\main.obj
c:\users\user\source\repos\antplatformer\antplatforme\antplatformer\x64\debug\object.obj
c:\users\user\source\repos\antplatformer\antplatforme\antplatformer\x64\debug\person.obj
c:\users\user\source\repos\antplatformer\antplatforme\antplatformer\x64\debug\player.obj
c:\users\user\source\repos\antplatformer\antplatforme\antplatformer\x64\debug\tinystr.obj
c:\users\user\source\repos\antplatformer\antplatforme\antplatformer\x64\debug\tinyxml.obj
c:\users\user\source\repos\antplatformer\antplatforme\antplatformer\x64\debug\tinyxmlerror.obj
c:\users\user\source\repos\antplatformer\antplatforme\antplatformer\x64\debug\tinyxmlparser.obj
c:\users\user\source\repos\antplatformer\antplatforme\antplatformer\x64\debug\weapon.obj
c:\users\user\source\repos\antplatformer\antplatforme\x64\debug\antplatformer.exe
c:\users\user\source\repos\antplatformer\antplatforme\x64\debug\antplatformer.ilk
c:\users\user\source\repos\antplatformer\antplatforme\x64\debug\antplatformer.pdb
c:\users\user\source\repos\antplatformer\antplatforme\antplatformer\x64\debug\antplatformer.tlog\cl.command.1.tlog
c:\users\user\source\repos\antplatformer\antplatforme\antplatformer\x64\debug\antplatformer.tlog\cl.read.1.tlog
c:\users\user\source\repos\antplatformer\antplatforme\antplatformer\x64\debug\antplatformer.tlog\cl.write.1.tlog
c:\users\user\source\repos\antplatformer\antplatforme\antplatformer\x64\debug\antplatformer.tlog\link.command.1.tlog
c:\users\user\source\repos\antplatformer\antplatforme\antplatformer\x64\debug\antplatformer.tlog\link.read.1.tlog
c:\users\user\source\repos\antplatformer\antplatforme\antplatformer\x64\debug\antplatformer.tlog\link.write.1.tlog
